\BOOKMARK [1][-]{section.1}{Overview}{}% 1
\BOOKMARK [1][-]{section.2}{File Descriptions}{}% 2
\BOOKMARK [1][-]{section.3}{Typical usage}{}% 3
\BOOKMARK [1][-]{section.4}{Methods Currently Supported}{}% 4
\BOOKMARK [1][-]{section.5}{A note on solving x = f\(x\) versus g\(x\) = 0}{}% 5
\BOOKMARK [1][-]{section.6}{Global settings and adaptive dampening}{}% 6
\BOOKMARK [1][-]{section.7}{Details of fixed point methods}{}% 7
\BOOKMARK [2][-]{subsection.7.1}{fixedPoint: Basic fixed point update}{section.7}% 8
\BOOKMARK [2][-]{subsection.7.2}{anderson: Anderson Acceleration}{section.7}% 9
\BOOKMARK [3][-]{subsubsection.7.2.1}{Update Formula}{subsection.7.2}% 10
\BOOKMARK [3][-]{subsubsection.7.2.2}{Tikhonov Regularisation}{subsection.7.2}% 11
\BOOKMARK [3][-]{subsubsection.7.2.3}{Choosing \040from a Condition Number Target}{subsection.7.2}% 12
\BOOKMARK [3][-]{subsubsection.7.2.4}{Summary of Parameters}{subsection.7.2}% 13
\BOOKMARK [3][-]{subsubsection.7.2.5}{MATLAB Implementation Notes}{subsection.7.2}% 14
\BOOKMARK [1][-]{section.8}{Details of Jacobian-Based Methods}{}% 15
\BOOKMARK [2][-]{subsection.8.1}{General Framework}{section.8}% 16
\BOOKMARK [2][-]{subsection.8.2}{broyden: Broyden's Method}{section.8}% 17
\BOOKMARK [3][-]{subsubsection.8.2.1}{Summary of Parameters}{subsection.8.2}% 18
\BOOKMARK [2][-]{subsection.8.3}{jacob\137diag: Diagonal Jacobian Approximation}{section.8}% 19
\BOOKMARK [3][-]{subsubsection.8.3.1}{Summary of Parameters}{subsection.8.3}% 20
\BOOKMARK [1][-]{appendix.A}{Methods in progress}{}% 21
\BOOKMARK [2][-]{subsection.A.1}{One-Shot Inverse Broyden Method}{appendix.A}% 22
\BOOKMARK [2][-]{subsection.A.2}{Rank-1 Fixed Point Update \(Steffensen-Inspired\)}{appendix.A}% 23
\BOOKMARK [2][-]{subsection.A.3}{Limited memory Broyden \(van de Rotten and Verduyn Lunel, 2003\)}{appendix.A}% 24
